0 verbose cli C:\Program Files\nodejs\node.exe C:\Program Files\nodejs\node_modules\npm\bin\npm-cli.js
1 info using npm@11.6.2
2 info using node@v24.12.0
3 silly config load:file:C:\Program Files\nodejs\node_modules\npm\npmrc
4 silly config load:file:D:\RV\SPDATA\frontend\.npmrc
5 silly config load:file:C:\Users\admin\.npmrc
6 silly config load:file:C:\Users\admin\AppData\Roaming\npm\etc\npmrc
7 verbose title npm run build
8 verbose argv "run" "build"
9 verbose logfile logs-max:10 dir:D:\RV\SPDATA\frontend\npm-cache\_logs\2026-04-01T03_33_14_141Z-
10 verbose logfile D:\RV\SPDATA\frontend\npm-cache\_logs\2026-04-01T03_33_14_141Z-debug-0.log
11 silly logfile start cleaning logs, removing 2 files
12 silly logfile error removing log file D:\RV\SPDATA\frontend\npm-cache\_logs\2026-03-31T11_38_33_388Z-debug-0.log [Error: EPERM: operation not permitted, unlink 'D:\RV\SPDATA\frontend\npm-cache\_logs\2026-03-31T11_38_33_388Z-debug-0.log'] {
12 silly logfile   errno: -4048,
12 silly logfile   code: 'EPERM',
12 silly logfile   syscall: 'unlink',
12 silly logfile   path: 'D:\\RV\\SPDATA\\frontend\\npm-cache\\_logs\\2026-03-31T11_38_33_388Z-debug-0.log'
12 silly logfile }
13 silly logfile error removing log file D:\RV\SPDATA\frontend\npm-cache\_logs\2026-03-31T11_41_33_543Z-debug-0.log [Error: EPERM: operation not permitted, unlink 'D:\RV\SPDATA\frontend\npm-cache\_logs\2026-03-31T11_41_33_543Z-debug-0.log'] {
13 silly logfile   errno: -4048,
13 silly logfile   code: 'EPERM',
13 silly logfile   syscall: 'unlink',
13 silly logfile   path: 'D:\\RV\\SPDATA\\frontend\\npm-cache\\_logs\\2026-03-31T11_41_33_543Z-debug-0.log'
13 silly logfile }
14 silly logfile done cleaning log files
15 verbose cwd D:\RV\SPDATA\frontend
16 verbose os Windows_NT 10.0.19045
17 verbose node v24.12.0
18 verbose npm  v11.6.2
19 verbose exit 1
20 verbose code 1
